Using pre-set license
Built from '2021.3/staging' branch; Version is '2021.3.14f1 (eee1884e7226) revision 15655304'; Using compiler version '192829333'; Build Type 'Release'
OS: 'Windows 11  (10.0.22631) 64bit Core' Language: 'ja' Physical Memory: 16125 MB
BatchMode: 1, IsHumanControllingUs: 0, StartBugReporterOnCrash: 0, Is64bit: 1, IsPro: 1

COMMAND LINE ARGUMENTS:
C:\Program Files\Unity\Hub\Editor\2021.3.14f1\Editor\Unity.exe
-adb2
-batchMode
-noUpm
-name
AssetImportWorker0
-projectPath
C:/Users/PC_User/Documents/Unity/AizuOldCityMap-master/AizuOldCityMap-master
-logFile
Logs/AssetImportWorker0.log
-srvPort
56458
Successfully changed project path to: C:/Users/PC_User/Documents/Unity/AizuOldCityMap-master/AizuOldCityMap-master
C:/Users/PC_User/Documents/Unity/AizuOldCityMap-master/AizuOldCityMap-master
[UnityMemory] Configuration Parameters - Can be set up in boot.config
    "memorysetup-bucket-allocator-granularity=16"
    "memorysetup-bucket-allocator-bucket-count=8"
    "memorysetup-bucket-allocator-block-size=33554432"
    "memorysetup-bucket-allocator-block-count=8"
    "memorysetup-main-allocator-block-size=16777216"
    "memorysetup-thread-allocator-block-size=16777216"
    "memorysetup-gfx-main-allocator-block-size=16777216"
    "memorysetup-gfx-thread-allocator-block-size=16777216"
    "memorysetup-cache-allocator-block-size=4194304"
    "memorysetup-typetree-allocator-block-size=2097152"
    "memorysetup-profiler-bucket-allocator-granularity=16"
    "memorysetup-profiler-bucket-allocator-bucket-count=8"
    "memorysetup-profiler-bucket-allocator-block-size=33554432"
    "memorysetup-profiler-bucket-allocator-block-count=8"
    "memorysetup-profiler-allocator-block-size=16777216"
    "memorysetup-profiler-editor-allocator-block-size=1048576"
    "memorysetup-temp-allocator-size-main=16777216"
    "memorysetup-job-temp-allocator-block-size=2097152"
    "memorysetup-job-temp-allocator-block-size-background=1048576"
    "memorysetup-job-temp-allocator-reduction-small-platforms=262144"
    "memorysetup-temp-allocator-size-background-worker=32768"
    "memorysetup-temp-allocator-size-job-worker=262144"
    "memorysetup-temp-allocator-size-preload-manager=33554432"
    "memorysetup-temp-allocator-size-nav-mesh-worker=65536"
    "memorysetup-temp-allocator-size-audio-worker=65536"
    "memorysetup-temp-allocator-size-cloud-worker=32768"
    "memorysetup-temp-allocator-size-gi-baking-worker=262144"
    "memorysetup-temp-allocator-size-gfx=262144"
Refreshing native plugins compatible for Editor in 75.99 ms, found 3 plugins.
Preloading 0 native plugins for Editor in 0.00 ms.
Initialize engine version: 2021.3.14f1 (eee1884e7226)
[Subsystems] Discovering subsystems at path C:/Program Files/Unity/Hub/Editor/2021.3.14f1/Editor/Data/Resources/UnitySubsystems
[Subsystems] Discovering subsystems at path C:/Users/PC_User/Documents/Unity/AizuOldCityMap-master/AizuOldCityMap-master/Assets
GfxDevice: creating device client; threaded=0; jobified=0
Direct3D:
    Version:  Direct3D 11.0 [level 11.1]
    Renderer: NVIDIA GeForce RTX 3060 Ti (ID=0x2489)
    Vendor:   NVIDIA
    VRAM:     8024 MB
    Driver:   32.0.15.6636
Initialize mono
Mono path[0] = 'C:/Program Files/Unity/Hub/Editor/2021.3.14f1/Editor/Data/Managed'
Mono path[1] = 'C:/Program Files/Unity/Hub/Editor/2021.3.14f1/Editor/Data/MonoBleedingEdge/lib/mono/unityjit-win32'
Mono config path = 'C:/Program Files/Unity/Hub/Editor/2021.3.14f1/Editor/Data/MonoBleedingEdge/etc'
Using monoOptions --debugger-agent=transport=dt_socket,embedding=1,server=y,suspend=n,address=127.0.0.1:56028
Begin MonoManager ReloadAssembly
Registering precompiled unity dll's ...
Register platform support module: C:/Program Files/Unity/Hub/Editor/2021.3.14f1/Editor/Data/PlaybackEngines/AndroidPlayer/UnityEditor.Android.Extensions.dll
Register platform support module: C:/Program Files/Unity/Hub/Editor/2021.3.14f1/Editor/Data/PlaybackEngines/WindowsStandaloneSupport/UnityEditor.WindowsStandalone.Extensions.dll
Registered in 0.004211 seconds.
Native extension for WindowsStandalone target not found
Native extension for Android target not found
Refreshing native plugins compatible for Editor in 72.26 ms, found 3 plugins.
Preloading 0 native plugins for Editor in 0.00 ms.
Mono: successfully reloaded assembly
- Completed reload, in  0.441 seconds
Domain Reload Profiling:
	ReloadAssembly (441ms)
		BeginReloadAssembly (55ms)
			ExecutionOrderSort (0ms)
			DisableScriptedObjects (0ms)
			BackupInstance (0ms)
			ReleaseScriptingObjects (0ms)
			CreateAndSetChildDomain (0ms)
		EndReloadAssembly (313ms)
			LoadAssemblies (53ms)
			RebuildTransferFunctionScriptingTraits (0ms)
			SetupTypeCache (67ms)
			ReleaseScriptCaches (0ms)
			RebuildScriptCaches (16ms)
			SetupLoadedEditorAssemblies (195ms)
				LogAssemblyErrors (0ms)
				InitializePlatformSupportModulesInManaged (36ms)
				SetLoadedEditorAssemblies (0ms)
				RefreshPlugins (72ms)
				BeforeProcessingInitializeOnLoad (1ms)
				ProcessInitializeOnLoadAttributes (59ms)
				ProcessInitializeOnLoadMethodAttributes (27ms)
				AfterProcessingInitializeOnLoad (0ms)
				EditorAssembliesLoaded (0ms)
			ExecutionOrderSort2 (0ms)
			AwakeInstancesAfterBackupRestoration (0ms)
Platform modules already initialized, skipping
Registering precompiled user dll's ...
Registered in 0.006744 seconds.
Begin MonoManager ReloadAssembly
Symbol file LoadedFromMemory doesn't match image C:\Users\PC_User\Documents\Unity\AizuOldCityMap-master\AizuOldCityMap-master\Library\PackageCache\com.unity.visualscripting@1.7.8\Editor\VisualScripting.Core\Dependencies\YamlDotNet\Unity.VisualScripting.YamlDotNet.dll
Symbol file LoadedFromMemory doesn't match image C:\Users\PC_User\Documents\Unity\AizuOldCityMap-master\AizuOldCityMap-master\Library\PackageCache\com.unity.visualscripting@1.7.8\Editor\VisualScripting.Core\Dependencies\DotNetZip\Unity.VisualScripting.IonicZip.dll
Native extension for WindowsStandalone target not found
Native extension for Android target not found
Refreshing native plugins compatible for Editor in 75.62 ms, found 3 plugins.
Preloading 0 native plugins for Editor in 0.00 ms.
Mono: successfully reloaded assembly
- Completed reload, in  1.114 seconds
Domain Reload Profiling:
	ReloadAssembly (1114ms)
		BeginReloadAssembly (197ms)
			ExecutionOrderSort (0ms)
			DisableScriptedObjects (3ms)
			BackupInstance (0ms)
			ReleaseScriptingObjects (0ms)
			CreateAndSetChildDomain (127ms)
		EndReloadAssembly (838ms)
			LoadAssemblies (73ms)
			RebuildTransferFunctionScriptingTraits (0ms)
			SetupTypeCache (212ms)
			ReleaseScriptCaches (0ms)
			RebuildScriptCaches (44ms)
			SetupLoadedEditorAssemblies (483ms)
				LogAssemblyErrors (0ms)
				InitializePlatformSupportModulesInManaged (9ms)
				SetLoadedEditorAssemblies (0ms)
				RefreshPlugins (76ms)
				BeforeProcessingInitializeOnLoad (75ms)
				ProcessInitializeOnLoadAttributes (268ms)
				ProcessInitializeOnLoadMethodAttributes (49ms)
				AfterProcessingInitializeOnLoad (6ms)
				EditorAssembliesLoaded (0ms)
			ExecutionOrderSort2 (0ms)
			AwakeInstancesAfterBackupRestoration (4ms)
Platform modules already initialized, skipping
========================================================================
Worker process is ready to serve import requests
Launched and connected shader compiler UnityShaderCompiler.exe after 0.04 seconds
Refreshing native plugins compatible for Editor in 1.15 ms, found 3 plugins.
Preloading 0 native plugins for Editor in 0.00 ms.
Unloading 5920 Unused Serialized files (Serialized files now loaded: 0)
Unloading 78 unused Assets / (2.8 MB). Loaded Objects now: 6389.
Memory consumption went from 281.1 MB to 278.3 MB.
Total: 3.232400 ms (FindLiveObjects: 0.336300 ms CreateObjectMapping: 0.178200 ms MarkObjects: 2.260600 ms  DeleteObjects: 0.456400 ms)

AssetImportParameters requested are different than current active one (requested -> active):
  custom:video-decoder-ogg-theora: a1e56fd34408186e4bbccfd4996cb3dc -> 
  custom:container-muxer-webm: aa71ff27fc2769a1b78a27578f13a17b -> 
  custom:container-demuxer-webm: 4f35f7cbe854078d1ac9338744f61a02 -> 
  custom:video-encoder-webm-vp8: eb34c28f22e8b96e1ab97ce403110664 -> 
  custom:video-codec-MediaFoundation-h265: 746d11721c4dcdbdad8f713fa42b33f4 -> 
  custom:audio-encoder-webm-vorbis: bf7c407c2cedff20999df2af8eb42d56 -> 
  custom:framework-win-MediaFoundation: 216162199b28c13a410421893ffa2e32 -> 
  custom:container-demuxer-ogg: 62fdf1f143b41e24485cea50d1cbac27 -> 
  custom:video-decoder-webm-vp8: 9c59270c3fd7afecdb556c50c9e8de78 -> 
  custom:audio-decoder-ogg-vorbis: bf7c407c2cedff20999df2af8eb42d56 -> 
========================================================================
Received Import Request.
  Time since last request: 1408062.765981 seconds.
  path: Assets/Standard Assets/Effects/TessellationShaders/Textures/kawara 5.mat
  artifactKey: Guid(60664ab94f9b4b141b832407eee0cd17) Importer(815301076,1909f56bfc062723c751e8b465ee728b)
Start importing Assets/Standard Assets/Effects/TessellationShaders/Textures/kawara 5.mat using Guid(60664ab94f9b4b141b832407eee0cd17) Importer(815301076,1909f56bfc062723c751e8b465ee728b)  -> (artifact id: '77843963c2b6ae630fed0acb55df1722') in 0.081999 seconds 
========================================================================
Received Import Request.
  Time since last request: 157.194856 seconds.
  path: Assets/Standard Assets/Effects/TessellationShaders/Textures/kawa_diffuseOriginal 1.png
  artifactKey: Guid(337fdac3c4cb7ac4a92bfbcccb7b53a0) Importer(815301076,1909f56bfc062723c751e8b465ee728b)
Start importing Assets/Standard Assets/Effects/TessellationShaders/Textures/kawa_diffuseOriginal 1.png using Guid(337fdac3c4cb7ac4a92bfbcccb7b53a0) Importer(815301076,1909f56bfc062723c751e8b465ee728b)  -> (artifact id: '5f66861599b229d2125d08ef823e454b') in 0.013057 seconds 
========================================================================
Received Import Request.
  Time since last request: 0.000022 seconds.
  path: Assets/Standard Assets/Effects/TessellationShaders/Textures/kawara 5.mat
  artifactKey: Guid(60664ab94f9b4b141b832407eee0cd17) Importer(815301076,1909f56bfc062723c751e8b465ee728b)
Start importing Assets/Standard Assets/Effects/TessellationShaders/Textures/kawara 5.mat using Guid(60664ab94f9b4b141b832407eee0cd17) Importer(815301076,1909f56bfc062723c751e8b465ee728b)  -> (artifact id: 'a8b737069ee07de7f565c420512d3ce9') in 0.015683 seconds 
========================================================================
Received Import Request.
  Time since last request: 185.043293 seconds.
  path: Assets/Standard Assets/Effects/TessellationShaders/Textures/kawara-b.mat
  artifactKey: Guid(3743b9069bd783c4cba94865b54a4eb7) Importer(815301076,1909f56bfc062723c751e8b465ee728b)
Start importing Assets/Standard Assets/Effects/TessellationShaders/Textures/kawara-b.mat using Guid(3743b9069bd783c4cba94865b54a4eb7) Importer(815301076,1909f56bfc062723c751e8b465ee728b)  -> (artifact id: 'b62f8da7b4f3062dbe302be4b1d941c1') in 0.012260 seconds 
========================================================================
Received Import Request.
  Time since last request: 6.645171 seconds.
  path: Assets/Standard Assets/Effects/TessellationShaders/Textures/kawara 4-b.mat
  artifactKey: Guid(754a5ebc6c4033e4d8f91ee721e01b50) Importer(815301076,1909f56bfc062723c751e8b465ee728b)
Start importing Assets/Standard Assets/Effects/TessellationShaders/Textures/kawara 4-b.mat using Guid(754a5ebc6c4033e4d8f91ee721e01b50) Importer(815301076,1909f56bfc062723c751e8b465ee728b)  -> (artifact id: '90b7241a168aaa38bc4a7e70d3bc6d7e') in 0.010689 seconds 
========================================================================
Received Import Request.
  Time since last request: 14.678504 seconds.
  path: Assets/Standard Assets/Effects/TessellationShaders/Textures/kawara 3-b.mat
  artifactKey: Guid(65c3654df3d838d4bb8cc5e2e8ad9157) Importer(815301076,1909f56bfc062723c751e8b465ee728b)
Start importing Assets/Standard Assets/Effects/TessellationShaders/Textures/kawara 3-b.mat using Guid(65c3654df3d838d4bb8cc5e2e8ad9157) Importer(815301076,1909f56bfc062723c751e8b465ee728b)  -> (artifact id: '4738d6ef543484da7ddb5aa490f1bc75') in 0.008956 seconds 
========================================================================
Received Prepare
Registering precompiled user dll's ...
Registered in 0.006529 seconds.
Begin MonoManager ReloadAssembly
Symbol file LoadedFromMemory doesn't match image C:\Users\PC_User\Documents\Unity\AizuOldCityMap-master\AizuOldCityMap-master\Library\PackageCache\com.unity.visualscripting@1.7.8\Editor\VisualScripting.Core\Dependencies\YamlDotNet\Unity.VisualScripting.YamlDotNet.dll
Symbol file LoadedFromMemory doesn't match image C:\Users\PC_User\Documents\Unity\AizuOldCityMap-master\AizuOldCityMap-master\Library\PackageCache\com.unity.visualscripting@1.7.8\Editor\VisualScripting.Core\Dependencies\DotNetZip\Unity.VisualScripting.IonicZip.dll
Native extension for WindowsStandalone target not found
Native extension for Android target not found
Refreshing native plugins compatible for Editor in 0.79 ms, found 3 plugins.
Preloading 0 native plugins for Editor in 0.00 ms.
Mono: successfully reloaded assembly
- Completed reload, in  1.073 seconds
Domain Reload Profiling:
	ReloadAssembly (1073ms)
		BeginReloadAssembly (121ms)
			ExecutionOrderSort (0ms)
			DisableScriptedObjects (3ms)
			BackupInstance (0ms)
			ReleaseScriptingObjects (0ms)
			CreateAndSetChildDomain (34ms)
		EndReloadAssembly (867ms)
			LoadAssemblies (95ms)
			RebuildTransferFunctionScriptingTraits (0ms)
			SetupTypeCache (241ms)
			ReleaseScriptCaches (1ms)
			RebuildScriptCaches (37ms)
			SetupLoadedEditorAssemblies (458ms)
				LogAssemblyErrors (0ms)
				InitializePlatformSupportModulesInManaged (18ms)
				SetLoadedEditorAssemblies (0ms)
				RefreshPlugins (1ms)
				BeforeProcessingInitializeOnLoad (69ms)
				ProcessInitializeOnLoadAttributes (297ms)
				ProcessInitializeOnLoadMethodAttributes (64ms)
				AfterProcessingInitializeOnLoad (9ms)
				EditorAssembliesLoaded (0ms)
			ExecutionOrderSort2 (0ms)
			AwakeInstancesAfterBackupRestoration (5ms)
Platform modules already initialized, skipping
Refreshing native plugins compatible for Editor in 2.45 ms, found 3 plugins.
Preloading 0 native plugins for Editor in 0.00 ms.
Unloading 5769 Unused Serialized files (Serialized files now loaded: 0)
Unloading 47 unused Assets / (2.8 MB). Loaded Objects now: 6447.
Memory consumption went from 272.2 MB to 269.4 MB.
Total: 3.593600 ms (FindLiveObjects: 0.275300 ms CreateObjectMapping: 0.304200 ms MarkObjects: 2.477600 ms  DeleteObjects: 0.535400 ms)

AssetImportParameters requested are different than current active one (requested -> active):
  custom:video-decoder-ogg-theora: a1e56fd34408186e4bbccfd4996cb3dc -> 
  custom:container-muxer-webm: aa71ff27fc2769a1b78a27578f13a17b -> 
  custom:container-demuxer-webm: 4f35f7cbe854078d1ac9338744f61a02 -> 
  custom:video-encoder-webm-vp8: eb34c28f22e8b96e1ab97ce403110664 -> 
  custom:video-codec-MediaFoundation-h265: 746d11721c4dcdbdad8f713fa42b33f4 -> 
  custom:audio-encoder-webm-vorbis: bf7c407c2cedff20999df2af8eb42d56 -> 
  custom:framework-win-MediaFoundation: 216162199b28c13a410421893ffa2e32 -> 
  custom:container-demuxer-ogg: 62fdf1f143b41e24485cea50d1cbac27 -> 
  custom:video-decoder-webm-vp8: 9c59270c3fd7afecdb556c50c9e8de78 -> 
  custom:audio-decoder-ogg-vorbis: bf7c407c2cedff20999df2af8eb42d56 -> 
========================================================================
Received Import Request.
  Time since last request: 643.684694 seconds.
  path: Assets/Standard Assets/Effects/TessellationShaders/Textures/IMG_86933777.png
  artifactKey: Guid(f93221f0c40b23f4292d18dcb0c95cbc) Importer(815301076,1909f56bfc062723c751e8b465ee728b)
Start importing Assets/Standard Assets/Effects/TessellationShaders/Textures/IMG_86933777.png using Guid(f93221f0c40b23f4292d18dcb0c95cbc) Importer(815301076,1909f56bfc062723c751e8b465ee728b)  -> (artifact id: '88541abe4aa2210a39d58ade16ac1674') in 0.047648 seconds 
========================================================================
Received Import Request.
  Time since last request: 4.244346 seconds.
  path: Assets/Standard Assets/Effects/TessellationShaders/Textures/imgg_normal.png
  artifactKey: Guid(b43dc0718ad33d645895c59d97bd2b76) Importer(815301076,1909f56bfc062723c751e8b465ee728b)
Start importing Assets/Standard Assets/Effects/TessellationShaders/Textures/imgg_normal.png using Guid(b43dc0718ad33d645895c59d97bd2b76) Importer(815301076,1909f56bfc062723c751e8b465ee728b)  -> (artifact id: 'ee3f8d88513f79d8184380531ab6eec8') in 0.009721 seconds 
========================================================================
Received Import Request.
  Time since last request: 21.878222 seconds.
  path: Assets/Standard Assets/Effects/TessellationShaders/Textures/IMG_86933777.png
  artifactKey: Guid(f93221f0c40b23f4292d18dcb0c95cbc) Importer(815301076,1909f56bfc062723c751e8b465ee728b)
Start importing Assets/Standard Assets/Effects/TessellationShaders/Textures/IMG_86933777.png using Guid(f93221f0c40b23f4292d18dcb0c95cbc) Importer(815301076,1909f56bfc062723c751e8b465ee728b)  -> (artifact id: 'b4626407fb0f4338749e555a1a8c2391') in 0.012217 seconds 
========================================================================
Received Prepare
Registering precompiled user dll's ...
Registered in 0.007717 seconds.
Begin MonoManager ReloadAssembly
Symbol file LoadedFromMemory doesn't match image C:\Users\PC_User\Documents\Unity\AizuOldCityMap-master\AizuOldCityMap-master\Library\PackageCache\com.unity.visualscripting@1.7.8\Editor\VisualScripting.Core\Dependencies\YamlDotNet\Unity.VisualScripting.YamlDotNet.dll
Symbol file LoadedFromMemory doesn't match image C:\Users\PC_User\Documents\Unity\AizuOldCityMap-master\AizuOldCityMap-master\Library\PackageCache\com.unity.visualscripting@1.7.8\Editor\VisualScripting.Core\Dependencies\DotNetZip\Unity.VisualScripting.IonicZip.dll
Native extension for WindowsStandalone target not found
Native extension for Android target not found
Refreshing native plugins compatible for Editor in 0.82 ms, found 3 plugins.
Preloading 0 native plugins for Editor in 0.00 ms.
Mono: successfully reloaded assembly
- Completed reload, in  1.122 seconds
Domain Reload Profiling:
	ReloadAssembly (1123ms)
		BeginReloadAssembly (216ms)
			ExecutionOrderSort (0ms)
			DisableScriptedObjects (9ms)
			BackupInstance (0ms)
			ReleaseScriptingObjects (1ms)
			CreateAndSetChildDomain (70ms)
		EndReloadAssembly (825ms)
			LoadAssemblies (106ms)
			RebuildTransferFunctionScriptingTraits (0ms)
			SetupTypeCache (260ms)
			ReleaseScriptCaches (3ms)
			RebuildScriptCaches (40ms)
			SetupLoadedEditorAssemblies (392ms)
				LogAssemblyErrors (0ms)
				InitializePlatformSupportModulesInManaged (18ms)
				SetLoadedEditorAssemblies (1ms)
				RefreshPlugins (1ms)
				BeforeProcessingInitializeOnLoad (68ms)
				ProcessInitializeOnLoadAttributes (247ms)
				ProcessInitializeOnLoadMethodAttributes (50ms)
				AfterProcessingInitializeOnLoad (7ms)
				EditorAssembliesLoaded (0ms)
			ExecutionOrderSort2 (0ms)
			AwakeInstancesAfterBackupRestoration (4ms)
Platform modules already initialized, skipping
Refreshing native plugins compatible for Editor in 2.15 ms, found 3 plugins.
Preloading 0 native plugins for Editor in 0.00 ms.
Unloading 5769 Unused Serialized files (Serialized files now loaded: 0)
Unloading 47 unused Assets / (2.8 MB). Loaded Objects now: 6464.
Memory consumption went from 272.3 MB to 269.5 MB.
Total: 4.355700 ms (FindLiveObjects: 0.268900 ms CreateObjectMapping: 0.155500 ms MarkObjects: 3.391200 ms  DeleteObjects: 0.539100 ms)

AssetImportParameters requested are different than current active one (requested -> active):
  custom:video-decoder-ogg-theora: a1e56fd34408186e4bbccfd4996cb3dc -> 
  custom:container-muxer-webm: aa71ff27fc2769a1b78a27578f13a17b -> 
  custom:container-demuxer-webm: 4f35f7cbe854078d1ac9338744f61a02 -> 
  custom:video-encoder-webm-vp8: eb34c28f22e8b96e1ab97ce403110664 -> 
  custom:video-codec-MediaFoundation-h265: 746d11721c4dcdbdad8f713fa42b33f4 -> 
  custom:audio-encoder-webm-vorbis: bf7c407c2cedff20999df2af8eb42d56 -> 
  custom:framework-win-MediaFoundation: 216162199b28c13a410421893ffa2e32 -> 
  custom:container-demuxer-ogg: 62fdf1f143b41e24485cea50d1cbac27 -> 
  custom:video-decoder-webm-vp8: 9c59270c3fd7afecdb556c50c9e8de78 -> 
  custom:audio-decoder-ogg-vorbis: bf7c407c2cedff20999df2af8eb42d56 -> 
========================================================================
Received Prepare
Registering precompiled user dll's ...
Registered in 0.007178 seconds.
Begin MonoManager ReloadAssembly
Symbol file LoadedFromMemory doesn't match image C:\Users\PC_User\Documents\Unity\AizuOldCityMap-master\AizuOldCityMap-master\Library\PackageCache\com.unity.visualscripting@1.7.8\Editor\VisualScripting.Core\Dependencies\YamlDotNet\Unity.VisualScripting.YamlDotNet.dll
Symbol file LoadedFromMemory doesn't match image C:\Users\PC_User\Documents\Unity\AizuOldCityMap-master\AizuOldCityMap-master\Library\PackageCache\com.unity.visualscripting@1.7.8\Editor\VisualScripting.Core\Dependencies\DotNetZip\Unity.VisualScripting.IonicZip.dll
Native extension for WindowsStandalone target not found
Native extension for Android target not found
Refreshing native plugins compatible for Editor in 1.09 ms, found 3 plugins.
Preloading 0 native plugins for Editor in 0.00 ms.
Mono: successfully reloaded assembly
- Completed reload, in  1.051 seconds
Domain Reload Profiling:
	ReloadAssembly (1052ms)
		BeginReloadAssembly (129ms)
			ExecutionOrderSort (0ms)
			DisableScriptedObjects (4ms)
			BackupInstance (0ms)
			ReleaseScriptingObjects (0ms)
			CreateAndSetChildDomain (36ms)
		EndReloadAssembly (841ms)
			LoadAssemblies (92ms)
			RebuildTransferFunctionScriptingTraits (0ms)
			SetupTypeCache (230ms)
			ReleaseScriptCaches (2ms)
			RebuildScriptCaches (40ms)
			SetupLoadedEditorAssemblies (446ms)
				LogAssemblyErrors (0ms)
				InitializePlatformSupportModulesInManaged (17ms)
				SetLoadedEditorAssemblies (0ms)
				RefreshPlugins (1ms)
				BeforeProcessingInitializeOnLoad (67ms)
				ProcessInitializeOnLoadAttributes (292ms)
				ProcessInitializeOnLoadMethodAttributes (60ms)
				AfterProcessingInitializeOnLoad (8ms)
				EditorAssembliesLoaded (0ms)
			ExecutionOrderSort2 (0ms)
			AwakeInstancesAfterBackupRestoration (5ms)
Platform modules already initialized, skipping
Refreshing native plugins compatible for Editor in 2.19 ms, found 3 plugins.
Preloading 0 native plugins for Editor in 0.00 ms.
Unloading 5769 Unused Serialized files (Serialized files now loaded: 0)
Unloading 47 unused Assets / (2.8 MB). Loaded Objects now: 6479.
Memory consumption went from 272.4 MB to 269.5 MB.
Total: 3.843200 ms (FindLiveObjects: 0.345600 ms CreateObjectMapping: 0.176900 ms MarkObjects: 2.671400 ms  DeleteObjects: 0.648400 ms)

AssetImportParameters requested are different than current active one (requested -> active):
  custom:video-decoder-ogg-theora: a1e56fd34408186e4bbccfd4996cb3dc -> 
  custom:container-muxer-webm: aa71ff27fc2769a1b78a27578f13a17b -> 
  custom:container-demuxer-webm: 4f35f7cbe854078d1ac9338744f61a02 -> 
  custom:video-encoder-webm-vp8: eb34c28f22e8b96e1ab97ce403110664 -> 
  custom:video-codec-MediaFoundation-h265: 746d11721c4dcdbdad8f713fa42b33f4 -> 
  custom:audio-encoder-webm-vorbis: bf7c407c2cedff20999df2af8eb42d56 -> 
  custom:framework-win-MediaFoundation: 216162199b28c13a410421893ffa2e32 -> 
  custom:container-demuxer-ogg: 62fdf1f143b41e24485cea50d1cbac27 -> 
  custom:video-decoder-webm-vp8: 9c59270c3fd7afecdb556c50c9e8de78 -> 
  custom:audio-decoder-ogg-vorbis: bf7c407c2cedff20999df2af8eb42d56 -> 
========================================================================
Received Import Request.
  Time since last request: 3509.476428 seconds.
  path: Assets/Standard Assets/Effects/TessellationShaders/Textures/shin-ishigaki.png
  artifactKey: Guid(72ab9b95137c6574ea52bc94a23d7501) Importer(815301076,1909f56bfc062723c751e8b465ee728b)
Start importing Assets/Standard Assets/Effects/TessellationShaders/Textures/shin-ishigaki.png using Guid(72ab9b95137c6574ea52bc94a23d7501) Importer(815301076,1909f56bfc062723c751e8b465ee728b)  -> (artifact id: 'f36c9ad9d1b20668ee11c7660db5c195') in 0.079577 seconds 
========================================================================
Received Import Request.
  Time since last request: 2.406445 seconds.
  path: Assets/Standard Assets/Effects/TessellationShaders/Textures/shin-ishigaki-h.png
  artifactKey: Guid(3240087d56ec20043a7f08c12832b12a) Importer(815301076,1909f56bfc062723c751e8b465ee728b)
Start importing Assets/Standard Assets/Effects/TessellationShaders/Textures/shin-ishigaki-h.png using Guid(3240087d56ec20043a7f08c12832b12a) Importer(815301076,1909f56bfc062723c751e8b465ee728b)  -> (artifact id: '56990d1db0ea52d45ec95eeac22858a3') in 0.019169 seconds 
========================================================================
Received Import Request.
  Time since last request: 2.111915 seconds.
  path: Assets/Standard Assets/Effects/TessellationShaders/Textures/shin-ishigaki-n_normal.png
  artifactKey: Guid(be0c6cca6fa295b4eb9f718aa2bff320) Importer(815301076,1909f56bfc062723c751e8b465ee728b)
Start importing Assets/Standard Assets/Effects/TessellationShaders/Textures/shin-ishigaki-n_normal.png using Guid(be0c6cca6fa295b4eb9f718aa2bff320) Importer(815301076,1909f56bfc062723c751e8b465ee728b)  -> (artifact id: '68ac731df02e32bee420fb2bc38b7626') in 0.011443 seconds 
========================================================================
Received Import Request.
  Time since last request: 9.497859 seconds.
  path: Assets/Standard Assets/Effects/TessellationShaders/Textures/shin-ishigaki-h.png
  artifactKey: Guid(3240087d56ec20043a7f08c12832b12a) Importer(815301076,1909f56bfc062723c751e8b465ee728b)
Start importing Assets/Standard Assets/Effects/TessellationShaders/Textures/shin-ishigaki-h.png using Guid(3240087d56ec20043a7f08c12832b12a) Importer(815301076,1909f56bfc062723c751e8b465ee728b)  -> (artifact id: '95895f3aba45b4d094b79d5848416280') in 0.015970 seconds 
========================================================================
Received Import Request.
  Time since last request: 13.658574 seconds.
  path: Assets/Standard Assets/Effects/TessellationShaders/Textures/Ishigaki 2.mat
  artifactKey: Guid(b104f1ecc9e14034a93120f6bd0f523e) Importer(815301076,1909f56bfc062723c751e8b465ee728b)
Start importing Assets/Standard Assets/Effects/TessellationShaders/Textures/Ishigaki 2.mat using Guid(b104f1ecc9e14034a93120f6bd0f523e) Importer(815301076,1909f56bfc062723c751e8b465ee728b)  -> (artifact id: '4be01063d54659f32ab865861955d930') in 0.047281 seconds 
========================================================================
Received Import Request.
  Time since last request: 0.000021 seconds.
  path: Assets/Standard Assets/Effects/TessellationShaders/Textures/kawara 4-b.mat
  artifactKey: Guid(754a5ebc6c4033e4d8f91ee721e01b50) Importer(815301076,1909f56bfc062723c751e8b465ee728b)
Start importing Assets/Standard Assets/Effects/TessellationShaders/Textures/kawara 4-b.mat using Guid(754a5ebc6c4033e4d8f91ee721e01b50) Importer(815301076,1909f56bfc062723c751e8b465ee728b)  -> (artifact id: 'afb99323974b9093ab843dea2c176cb9') in 0.022949 seconds 
========================================================================
Received Import Request.
  Time since last request: 0.000024 seconds.
  path: Assets/Standard Assets/Effects/TessellationShaders/Textures/kawara 3-b.mat
  artifactKey: Guid(65c3654df3d838d4bb8cc5e2e8ad9157) Importer(815301076,1909f56bfc062723c751e8b465ee728b)
Start importing Assets/Standard Assets/Effects/TessellationShaders/Textures/kawara 3-b.mat using Guid(65c3654df3d838d4bb8cc5e2e8ad9157) Importer(815301076,1909f56bfc062723c751e8b465ee728b)  -> (artifact id: 'eb59a8fe7fb13b1ed0b72606bf464646') in 0.014527 seconds 
========================================================================
Received Import Request.
  Time since last request: 0.000021 seconds.
  path: Assets/Standard Assets/Effects/TessellationShaders/Textures/kawara-b.mat
  artifactKey: Guid(3743b9069bd783c4cba94865b54a4eb7) Importer(815301076,1909f56bfc062723c751e8b465ee728b)
Start importing Assets/Standard Assets/Effects/TessellationShaders/Textures/kawara-b.mat using Guid(3743b9069bd783c4cba94865b54a4eb7) Importer(815301076,1909f56bfc062723c751e8b465ee728b)  -> (artifact id: '59d15b5a317041b7b0c520c1a15d85cf') in 0.015685 seconds 
========================================================================
Received Import Request.
  Time since last request: 5.195839 seconds.
  path: Assets/Standard Assets/Effects/TessellationShaders/Textures/imgg_normal.png
  artifactKey: Guid(b43dc0718ad33d645895c59d97bd2b76) Importer(815301076,1909f56bfc062723c751e8b465ee728b)
Start importing Assets/Standard Assets/Effects/TessellationShaders/Textures/imgg_normal.png using Guid(b43dc0718ad33d645895c59d97bd2b76) Importer(815301076,1909f56bfc062723c751e8b465ee728b)  -> (artifact id: '9279006357dacd2c93db49ccfd1ab770') in 0.013038 seconds 
========================================================================
Received Import Request.
  Time since last request: 0.000024 seconds.
  path: Assets/Standard Assets/Effects/TessellationShaders/Textures/kawara-b.mat
  artifactKey: Guid(3743b9069bd783c4cba94865b54a4eb7) Importer(815301076,1909f56bfc062723c751e8b465ee728b)
Start importing Assets/Standard Assets/Effects/TessellationShaders/Textures/kawara-b.mat using Guid(3743b9069bd783c4cba94865b54a4eb7) Importer(815301076,1909f56bfc062723c751e8b465ee728b)  -> (artifact id: 'b13ee30ad0c8d668bd1178e124e0a5e7') in 0.013349 seconds 
========================================================================
Received Import Request.
  Time since last request: 150.214988 seconds.
  path: Assets/Standard Assets/Effects/TessellationShaders/Textures/Ishigaki 2.mat
  artifactKey: Guid(b104f1ecc9e14034a93120f6bd0f523e) Importer(815301076,1909f56bfc062723c751e8b465ee728b)
Start importing Assets/Standard Assets/Effects/TessellationShaders/Textures/Ishigaki 2.mat using Guid(b104f1ecc9e14034a93120f6bd0f523e) Importer(815301076,1909f56bfc062723c751e8b465ee728b)  -> (artifact id: '5b70a028285fcd6ce8c0862f34bbd93c') in 0.013939 seconds 
========================================================================
Received Import Request.
  Time since last request: 0.000022 seconds.
  path: Assets/Standard Assets/Effects/TessellationShaders/Textures/Ishigaki.mat
  artifactKey: Guid(3eaab30e7da77dc4d92a2aa24ae05c24) Importer(815301076,1909f56bfc062723c751e8b465ee728b)
Start importing Assets/Standard Assets/Effects/TessellationShaders/Textures/Ishigaki.mat using Guid(3eaab30e7da77dc4d92a2aa24ae05c24) Importer(815301076,1909f56bfc062723c751e8b465ee728b)  -> (artifact id: '29593c0912a60a76e6c035dd9888f1fe') in 0.016477 seconds 
========================================================================
Received Import Request.
  Time since last request: 0.000114 seconds.
  path: Assets/Standard Assets/Effects/TessellationShaders/Textures/kawara 3-b.mat
  artifactKey: Guid(65c3654df3d838d4bb8cc5e2e8ad9157) Importer(815301076,1909f56bfc062723c751e8b465ee728b)
Start importing Assets/Standard Assets/Effects/TessellationShaders/Textures/kawara 3-b.mat using Guid(65c3654df3d838d4bb8cc5e2e8ad9157) Importer(815301076,1909f56bfc062723c751e8b465ee728b)  -> (artifact id: '1f4d3c2f7dccf69a953f13af663bb86d') in 0.010674 seconds 
========================================================================
Received Import Request.
  Time since last request: 1.937422 seconds.
  path: Assets/Standard Assets/Effects/TessellationShaders/Textures/Ishigaki 2.mat
  artifactKey: Guid(b104f1ecc9e14034a93120f6bd0f523e) Importer(815301076,1909f56bfc062723c751e8b465ee728b)
Start importing Assets/Standard Assets/Effects/TessellationShaders/Textures/Ishigaki 2.mat using Guid(b104f1ecc9e14034a93120f6bd0f523e) Importer(815301076,1909f56bfc062723c751e8b465ee728b)  -> (artifact id: '85c836feee86e2c1ea1c63b365c77c14') in 0.014671 seconds 
========================================================================
Received Import Request.
  Time since last request: 0.000016 seconds.
  path: Assets/Standard Assets/Effects/TessellationShaders/Textures/shin-ishigaki-n_normal.png
  artifactKey: Guid(be0c6cca6fa295b4eb9f718aa2bff320) Importer(815301076,1909f56bfc062723c751e8b465ee728b)
Start importing Assets/Standard Assets/Effects/TessellationShaders/Textures/shin-ishigaki-n_normal.png using Guid(be0c6cca6fa295b4eb9f718aa2bff320) Importer(815301076,1909f56bfc062723c751e8b465ee728b)  -> (artifact id: '767d895cd2acef0b14c91d278e03e177') in 0.013888 seconds 
